<?xml version="1.0" encoding="UTF-8"?>
<testsuite xmlns:xsi="http://www.w3.org/2001/XMLSchema-instance" xsi:noNamespaceSchemaLocation="https://maven.apache.org/surefire/maven-surefire-plugin/xsd/surefire-test-report-3.0.xsd" version="3.0" name="fr.dawan.projet_maven.CalculMetierTest" time="0.056" tests="4" errors="0" skipped="0" failures="0">
  <properties>
[...]
</properties>
  <testcase name="testSomme" classname="fr.dawan.projet_maven.CalculMetierTest" time="0.02">
    <system-out><![CDATA[test début
]]></system-out>
  </testcase>
  <testcase name="testDivisionByZeroShouldThrowException" classname="fr.dawan.projet_maven.CalculMetierTest" time="0.003"/>
  <testcase name="testProduit" classname="fr.dawan.projet_maven.CalculMetierTest" time="0"/>
  <testcase name="testDivisionByZeroShouldRetunrExpectedResult" classname="fr.dawan.projet_maven.CalculMetierTest" time="0"/>
</testsuite>